Arguments: 
  /usr/local/bin/node /usr/local/bin/yarn add cheerio

PATH: 
  /usr/local/bin:/usr/local/bin:/usr/bin:/bin:/usr/sbin:/sbin

Yarn version: 
  1.3.2

Node version: 
  12.13.0

Platform: 
  darwin x64

npm manifest: 
  {
    "name": "reptile",
    "version": "1.0.0",
    "description": "",
    "main": "index.js",
    "scripts": {
      "dev": "ts-node src/crowller.ts"
    },
    "keywords": [],
    "author": "",
    "license": "ISC",
    "devDependencies": {
      "@types/superagent": "^4.1.7",
      "ts-node": "^8.8.2"
    },
    "dependencies": {
      "superagent": "^5.2.2"
    }
  }

yarn manifest: 
  No manifest

Lockfile: 
  # THIS IS AN AUTOGENERATED FILE. DO NOT EDIT THIS FILE DIRECTLY.
  # yarn lockfile v1
  
  
  "@types/cookiejar@*":
    version "2.1.1"
    resolved "http://r.cnpmjs.org/@types/cookiejar/download/@types/cookiejar-2.1.1.tgz#90b68446364baf9efd8e8349bb36bd3852b75b80"
  
  "@types/node@*":
    version "13.13.0"
    resolved "http://r.cnpmjs.org/@types/node/download/@types/node-13.13.0.tgz#30d2d09f623fe32cde9cb582c7a6eda2788ce4a8"
  
  "@types/superagent@^4.1.7":
    version "4.1.7"
    resolved "http://r.cnpmjs.org/@types/superagent/download/@types/superagent-4.1.7.tgz#a7d92d98c490ee0f802a127fdf149b9a114f77a5"
    dependencies:
      "@types/cookiejar" "*"
      "@types/node" "*"
  
  arg@^4.1.0:
    version "4.1.3"
    resolved "http://r.cnpmjs.org/arg/download/arg-4.1.3.tgz#269fc7ad5b8e42cb63c896d5666017261c144089"
  
  asynckit@^0.4.0:
    version "0.4.0"
    resolved "http://r.cnpmjs.org/asynckit/download/asynckit-0.4.0.tgz#c79ed97f7f34cb8f2ba1bc9790bcc366474b4b79"
  
  buffer-from@^1.0.0:
    version "1.1.1"
    resolved "http://r.cnpmjs.org/buffer-from/download/buffer-from-1.1.1.tgz#32713bc028f75c02fdb710d7c7bcec1f2c6070ef"
  
  combined-stream@^1.0.8:
    version "1.0.8"
    resolved "http://r.cnpmjs.org/combined-stream/download/combined-stream-1.0.8.tgz#c3d45a8b34fd730631a110a8a2520682b31d5a7f"
    dependencies:
      delayed-stream "~1.0.0"
  
  component-emitter@^1.3.0:
    version "1.3.0"
    resolved "http://r.cnpmjs.org/component-emitter/download/component-emitter-1.3.0.tgz#16e4070fba8ae29b679f2215853ee181ab2eabc0"
  
  cookiejar@^2.1.2:
    version "2.1.2"
    resolved "http://r.cnpmjs.org/cookiejar/download/cookiejar-2.1.2.tgz#dd8a235530752f988f9a0844f3fc589e3111125c"
  
  debug@^4.1.1:
    version "4.1.1"
    resolved "http://r.cnpmjs.org/debug/download/debug-4.1.1.tgz#3b72260255109c6b589cee050f1d516139664791"
    dependencies:
      ms "^2.1.1"
  
  delayed-stream@~1.0.0:
    version "1.0.0"
    resolved "http://r.cnpmjs.org/delayed-stream/download/delayed-stream-1.0.0.tgz#df3ae199acadfb7d440aaae0b29e2272b24ec619"
  
  diff@^4.0.1:
    version "4.0.2"
    resolved "http://r.cnpmjs.org/diff/download/diff-4.0.2.tgz#60f3aecb89d5fae520c11aa19efc2bb982aade7d"
  
  fast-safe-stringify@^2.0.7:
    version "2.0.7"
    resolved "http://r.cnpmjs.org/fast-safe-stringify/download/fast-safe-stringify-2.0.7.tgz#124aa885899261f68aedb42a7c080de9da608743"
  
  form-data@^3.0.0:
    version "3.0.0"
    resolved "http://r.cnpmjs.org/form-data/download/form-data-3.0.0.tgz#31b7e39c85f1355b7139ee0c647cf0de7f83c682"
    dependencies:
      asynckit "^0.4.0"
      combined-stream "^1.0.8"
      mime-types "^2.1.12"
  
  formidable@^1.2.1:
    version "1.2.2"
    resolved "http://r.cnpmjs.org/formidable/download/formidable-1.2.2.tgz#bf69aea2972982675f00865342b982986f6b8dd9"
  
  inherits@^2.0.3:
    version "2.0.4"
    resolved "http://r.cnpmjs.org/inherits/download/inherits-2.0.4.tgz#0fa2c64f932917c3433a0ded55363aae37416b7c"
  
  make-error@^1.1.1:
    version "1.3.6"
    resolved "http://r.cnpmjs.org/make-error/download/make-error-1.3.6.tgz#2eb2e37ea9b67c4891f684a1394799af484cf7a2"
  
  methods@^1.1.2:
    version "1.1.2"
    resolved "http://r.cnpmjs.org/methods/download/methods-1.1.2.tgz#5529a4d67654134edcc5266656835b0f851afcee"
  
  mime-db@1.43.0:
    version "1.43.0"
    resolved "http://r.cnpmjs.org/mime-db/download/mime-db-1.43.0.tgz#0a12e0502650e473d735535050e7c8f4eb4fae58"
  
  mime-types@^2.1.12:
    version "2.1.26"
    resolved "http://r.cnpmjs.org/mime-types/download/mime-types-2.1.26.tgz#9c921fc09b7e149a65dfdc0da4d20997200b0a06"
    dependencies:
      mime-db "1.43.0"
  
  mime@^2.4.4:
    version "2.4.4"
    resolved "http://r.cnpmjs.org/mime/download/mime-2.4.4.tgz#bd7b91135fc6b01cde3e9bae33d659b63d8857e5"
  
  ms@^2.1.1:
    version "2.1.2"
    resolved "http://r.cnpmjs.org/ms/download/ms-2.1.2.tgz#d09d1f357b443f493382a8eb3ccd183872ae6009"
  
  qs@^6.9.1:
    version "6.9.3"
    resolved "http://r.cnpmjs.org/qs/download/qs-6.9.3.tgz#bfadcd296c2d549f1dffa560619132c977f5008e"
  
  readable-stream@^3.4.0:
    version "3.6.0"
    resolved "http://r.cnpmjs.org/readable-stream/download/readable-stream-3.6.0.tgz#337bbda3adc0706bd3e024426a286d4b4b2c9198"
    dependencies:
      inherits "^2.0.3"
      string_decoder "^1.1.1"
      util-deprecate "^1.0.1"
  
  safe-buffer@~5.2.0:
    version "5.2.0"
    resolved "http://r.cnpmjs.org/safe-buffer/download/safe-buffer-5.2.0.tgz#b74daec49b1148f88c64b68d49b1e815c1f2f519"
  
  semver@^6.3.0:
    version "6.3.0"
    resolved "http://r.cnpmjs.org/semver/download/semver-6.3.0.tgz#ee0a64c8af5e8ceea67687b133761e1becbd1d3d"
  
  source-map-support@^0.5.6:
    version "0.5.16"
    resolved "http://r.cnpmjs.org/source-map-support/download/source-map-support-0.5.16.tgz#0ae069e7fe3ba7538c64c98515e35339eac5a042"
    dependencies:
      buffer-from "^1.0.0"
      source-map "^0.6.0"
  
  source-map@^0.6.0:
    version "0.6.1"
    resolved "http://r.cnpmjs.org/source-map/download/source-map-0.6.1.tgz#74722af32e9614e9c287a8d0bbde48b5e2f1a263"
  
  string_decoder@^1.1.1:
    version "1.3.0"
    resolved "http://r.cnpmjs.org/string_decoder/download/string_decoder-1.3.0.tgz#42f114594a46cf1a8e30b0a84f56c78c3edac21e"
    dependencies:
      safe-buffer "~5.2.0"
  
  superagent@^5.2.2:
    version "5.2.2"
    resolved "http://r.cnpmjs.org/superagent/download/superagent-5.2.2.tgz#6ff726c5642795b2c27009e92687c8e69a6bb07d"
    dependencies:
      component-emitter "^1.3.0"
      cookiejar "^2.1.2"
      debug "^4.1.1"
      fast-safe-stringify "^2.0.7"
      form-data "^3.0.0"
      formidable "^1.2.1"
      methods "^1.1.2"
      mime "^2.4.4"
      qs "^6.9.1"
      readable-stream "^3.4.0"
      semver "^6.3.0"
  
  ts-node@^8.8.2:
    version "8.8.2"
    resolved "http://r.cnpmjs.org/ts-node/download/ts-node-8.8.2.tgz#0b39e690bee39ea5111513a9d2bcdc0bc121755f"
    dependencies:
      arg "^4.1.0"
      diff "^4.0.1"
      make-error "^1.1.1"
      source-map-support "^0.5.6"
      yn "3.1.1"
  
  util-deprecate@^1.0.1:
    version "1.0.2"
    resolved "http://r.cnpmjs.org/util-deprecate/download/util-deprecate-1.0.2.tgz#450d4dc9fa70de732762fbd2d4a28981419a0ccf"
  
  yn@3.1.1:
    version "3.1.1"
    resolved "http://r.cnpmjs.org/yn/download/yn-3.1.1.tgz#1e87401a09d767c1d5eab26a6e4c185182d2eb50"

Trace: 
  Error: http://r.cnpmjs.org/parse5/download/parse5-3.0.3.tgz: ETIMEDOUT
      at Timeout._onTimeout (/usr/local/lib/node_modules/yarn/lib/cli.js:123749:19)
      at listOnTimeout (internal/timers.js:531:17)
      at processTimers (internal/timers.js:475:7)
